added manifest
adding: TheMysticMaze.java(in = 34291) (out= 7483)(deflated 78%)
adding: bg.jpg(in = 546355) (out= 545470)(deflated 0%)
adding: blue.png(in = 1847) (out= 1852)(deflated 0%)
adding: bluestar.png(in = 6477) (out= 6482)(deflated 0%)
adding: box.png(in = 155148) (out= 155198)(deflated 0%)
adding: brick_NE.png(in = 3563) (out= 3265)(deflated 8%)
adding: brick_NW.png(in = 3621) (out= 3331)(deflated 8%)
adding: brick_SE.png(in = 3535) (out= 3225)(deflated 8%)
adding: brick_SW.png(in = 3547) (out= 3239)(deflated 8%)
adding: brick_Teast.png(in = 3418) (out= 3130)(deflated 8%)
adding: brick_Tnorth.png(in = 3492) (out= 3205)(deflated 8%)
adding: brick_Tsouth.png(in = 3393) (out= 3118)(deflated 8%)
adding: brick_Twest.png(in = 3485) (out= 3185)(deflated 8%)
adding: brick_cross.png(in = 3384) (out= 3109)(deflated 8%)
adding: brick_empty.png(in = 1735) (out= 1409)(deflated 18%)
adding: brick_full.png(in = 2273) (out= 1958)(deflated 13%)
adding: file.png(in = 15235) (out= 15240)(deflated 0%)
adding: game.png(in = 13288) (out= 13293)(deflated 0%)
adding: gold_1.png(in = 1311) (out= 949)(deflated 27%)
adding: gold_11.png(in = 1342) (out= 978)(deflated 27%)
adding: gold_14.png(in = 1383) (out= 1011)(deflated 26%)
adding: gold_19.png(in = 1408) (out= 1042)(deflated 25%)
adding: green.png(in = 1924) (out= 1929)(deflated 0%)
adding: green_1.png(in = 1311) (out= 954)(deflated 27%)
adding: green_10.png(in = 1384) (out= 1023)(deflated 26%)
adding: green_11.png(in = 1342) (out= 983)(deflated 26%)
adding: green_12.png(in = 1397) (out= 1036)(deflated 25%)
adding: green_13.png(in = 1405) (out= 1044)(deflated 25%)
adding: green_14.png(in = 1383) (out= 1021)(deflated 26%)
adding: green_15.png(in = 1373) (out= 1017)(deflated 25%)
adding: green_16.png(in = 1413) (out= 1051)(deflated 25%)
adding: green_17.png(in = 1398) (out= 1039)(deflated 25%)
adding: green_18.png(in = 1423) (out= 1064)(deflated 25%)
adding: green_19.png(in = 1409) (out= 1051)(deflated 25%)
adding: green_2.png(in = 1367) (out= 1005)(deflated 26%)
adding: green_20.png(in = 1409) (out= 1051)(deflated 25%)
adding: green_25.png(in = 1411) (out= 1054)(deflated 25%)
adding: green_3.png(in = 1383) (out= 1021)(deflated 26%)
adding: green_4.png(in = 1344) (out= 982)(deflated 26%)
adding: green_5.png(in = 1347) (out= 988)(deflated 26%)
adding: green_6.png(in = 1384) (out= 1021)(deflated 26%)
adding: green_7.png(in = 1371) (out= 1005)(deflated 26%)
adding: green_8.png(in = 1403) (out= 1042)(deflated 25%)
adding: green_9.png(in = 1388) (out= 1026)(deflated 26%)
adding: greenstar.png(in = 6212) (out= 6217)(deflated 0%)
adding: hallway_horiz.png(in = 3025) (out= 2748)(deflated 9%)
adding: hallway_vert.png(in = 3067) (out= 2770)(deflated 9%)
adding: help.png(in = 12889) (out= 12894)(deflated 0%)
adding: icon.png(in = 44542) (out= 44518)(deflated 0%)
adding: insert down.png(in = 2863) (out= 2868)(deflated 0%)
adding: insert left.png(in = 2968) (out= 2973)(deflated 0%)
adding: insert right.png(in = 3020) (out= 3025)(deflated 0%)
adding: insert up.png(in = 3128) (out= 3133)(deflated 0%)
adding: language.png(in = 14756) (out= 14761)(deflated 0%)
adding: network.png(in = 11365) (out= 11370)(deflated 0%)
adding: red.png(in = 1862) (out= 1867)(deflated 0%)
adding: redstar.png(in = 4876) (out= 4881)(deflated 0%)
adding: scroll.png(in = 289) (out= 185)(deflated 35%)
adding: white.png(in = 2890) (out= 2895)(deflated 0%)
adding: yellow.png(in = 1884) (out= 1889)(deflated 0%)
adding: yellowstar.png(in = 5764) (out= 5769)(deflated 0%)
